<?xml version="1.0" encoding="UTF-8"?>
<!-- Generated by org.testng.reporters.JUnitReportReporter -->
<testsuite skipped="0" hostname="Andrews-MBP" name="scripts.TechGlobalForgotPasswordTest" tests="2" failures="0" timestamp="2023-01-23T10:58:17 CST" time="9.315" errors="0">
  <testcase name="validateForgotPasswordAndResetPasswordPage" time="4.575" classname="scripts.TechGlobalForgotPasswordTest"/>
  <system-out/>
  <testcase name="validateResetPasswordLink" time="4.740" classname="scripts.TechGlobalForgotPasswordTest"/>
  <system-out/>
</testsuite> <!-- scripts.TechGlobalForgotPasswordTest -->
