<?xml version="1.0" encoding="UTF-8"?>
<!-- Generated by org.testng.reporters.JUnitReportReporter -->
<testsuite skipped="0" hostname="Andrews-MacBook-Pro.local" name="scripts.TechGlobalLoginFormTest" tests="8" failures="0" timestamp="2023-01-21T23:34:11 CST" time="44.792" errors="0">
  <testcase name="validateLoginFormCard" time="4.761" classname="scripts.TechGlobalLoginFormTest"/>
  <system-out/>
  <testcase name="validateValidLogin" time="5.004" classname="scripts.TechGlobalLoginFormTest"/>
  <system-out/>
  <testcase name="validateValidLoginAndLogout" time="5.046" classname="scripts.TechGlobalLoginFormTest"/>
  <system-out/>
  <testcase name="validateForgotPasswordAndResetPasswordPage" time="5.346" classname="scripts.TechGlobalLoginFormTest"/>
  <system-out/>
  <testcase name="validateResetPasswordLink" time="5.817" classname="scripts.TechGlobalLoginFormTest"/>
  <system-out/>
  <testcase name="validateLoginWithInvalidUsername" time="7.613" classname="scripts.TechGlobalLoginFormTest"/>
  <system-out/>
  <testcase name="validateLoginWithInvalidPassword" time="5.810" classname="scripts.TechGlobalLoginFormTest"/>
  <system-out/>
  <testcase name="validateLoginWithInvalidUsernameAndInvalidPassword" time="5.395" classname="scripts.TechGlobalLoginFormTest"/>
  <system-out/>
</testsuite> <!-- scripts.TechGlobalLoginFormTest -->
