<?xml version="1.0" encoding="UTF-8"?>
<!-- Generated by org.testng.reporters.JUnitReportReporter -->
<testsuite skipped="0" hostname="Andrews-MacBook-Pro.local" name="scripts.TechGlobalForgotPasswordTest" tests="2" failures="0" timestamp="2023-01-22T21:39:52 CST" time="8.482" errors="0">
  <testcase name="validateForgotPasswordAndResetPasswordPage" time="4.200" classname="scripts.TechGlobalForgotPasswordTest"/>
  <system-out/>
  <testcase name="validateResetPasswordLink" time="4.282" classname="scripts.TechGlobalForgotPasswordTest"/>
  <system-out/>
</testsuite> <!-- scripts.TechGlobalForgotPasswordTest -->
