<?xml version="1.0" encoding="UTF-8"?>
<!-- Generated by org.testng.reporters.JUnitReportReporter -->
<testsuite skipped="0" hostname="Andrews-MBP" name="scripts.TechGlobalLoginFormTest" tests="6" failures="0" timestamp="2023-01-23T10:58:17 CST" time="36.909" errors="0">
  <testcase name="validateLoginFormCard" time="5.039" classname="scripts.TechGlobalLoginFormTest"/>
  <system-out/>
  <testcase name="validateValidLogin" time="5.033" classname="scripts.TechGlobalLoginFormTest"/>
  <system-out/>
  <testcase name="validateValidLoginAndLogout" time="8.379" classname="scripts.TechGlobalLoginFormTest"/>
  <system-out/>
  <testcase name="validateLoginWithInvalidUsername" time="6.490" classname="scripts.TechGlobalLoginFormTest"/>
  <system-out/>
  <testcase name="validateLoginWithInvalidPassword" time="5.754" classname="scripts.TechGlobalLoginFormTest"/>
  <system-out/>
  <testcase name="validateLoginWithInvalidUsernameAndInvalidPassword" time="6.214" classname="scripts.TechGlobalLoginFormTest"/>
  <system-out/>
</testsuite> <!-- scripts.TechGlobalLoginFormTest -->
